Removed Pin From Net: NetName=+3V3 Pin=Debug Mini-1
Removed Pin From Net: NetName=GND Pin=Debug Mini-2
Removed Pin From Net: NetName=NetH1_3 Pin=Debug Mini-3
Removed Pin From Net: NetName=NetH1_4 Pin=Debug Mini-4
Removed Pin From Net: NetName=NetH1_5 Pin=Debug Mini-5
Removed Pin From Net: NetName=NetH1_6 Pin=Debug Mini-6
Removed Pin From Net: NetName=NetH1_7 Pin=Debug Mini-7
Removed Pin From Net: NetName=NetH1_8 Pin=Debug Mini-8
Removed Pin From Net: NetName=NetH1_9 Pin=Debug Mini-9
Removed Pin From Net: NetName=NetH1_10 Pin=Debug Mini-10
Removed Pin From Net: NetName=NetH1_4 Pin=H1_P4-1
Removed Pin From Net: NetName=NetH1_5 Pin=H1_P5-1
Removed Pin From Net: NetName=NetH1_7 Pin=H1_P7-1
Removed Pin From Net: NetName=NetH1_8 Pin=H1_P8-1
Removed Pin From Net: NetName=NetH1_9 Pin=H1_P9-1
Removed Pin From Net: NetName=NetH1_10 Pin=H1_P10-1
Removed Pin From Net: NetName=I2C_SCL Pin=I2C_SCL-1
Removed Pin From Net: NetName=I2C_SDA Pin=I2C_SDA-1
Removed Pin From Net: NetName=INT1_MPL3115A2 Pin=MPL_INT1-1
Removed Pin From Net: NetName=INT2_MPL3115A2 Pin=MPL_INT2-1
Removed Pin From Net: NetName=NetLED2_A Pin=TEST_LED-1
Removed Member From Class: ClassName=EFR32BG24_PartC Member=Debug Mini
Removed Member From Class: ClassName=EFR32BG24_PartC Member=H1_P4
Removed Member From Class: ClassName=EFR32BG24_PartC Member=H1_P5
Removed Member From Class: ClassName=EFR32BG24_PartC Member=H1_P7
Removed Member From Class: ClassName=EFR32BG24_PartC Member=H1_P8
Removed Member From Class: ClassName=EFR32BG24_PartC Member=H1_P9
Removed Member From Class: ClassName=EFR32BG24_PartC Member=H1_P10
Removed Member From Class: ClassName=EFR32BG24_PartC Member=I2C_SCL
Removed Member From Class: ClassName=EFR32BG24_PartC Member=I2C_SDA
Removed Member From Class: ClassName=EFR32BG24_PartC Member=MPL_INT1
Removed Member From Class: ClassName=EFR32BG24_PartC Member=MPL_INT2
Removed Member From Class: ClassName=EFR32BG24_PartC Member=TEST_LED
Added Component: Designator=H1(FTSH-105-01-XXX-DV-K)
Add component (AddParameter): Name = "Category"; Value = "Connectors"; VariantName = "[No Variations]"
Add component (AddParameter): Name = "ComponentLink1Description"; Value = "https://media.digikey.com/pdf/Data%20Sheets/Adafruit%20PDFs/4048_Web.pdf?src-supplier=Digi-Key"; VariantName = "[No Variations]"
Add component (AddParameter): Name = "ComponentLink1URL"; Value = "https://media.digikey.com/pdf/Data%20Sheets/Adafruit%20PDFs/4048_Web.pdf?src-supplier=Digi-Key"; VariantName = "[No Variations]"
Add component (AddParameter): Name = "Manufacturer"; Value = "Adafruit Industries"; VariantName = "[No Variations]"
Add component (AddParameter): Name = "Manufacturer Part Number"; Value = "4048"; VariantName = "[No Variations]"
Add component (AddParameter): Name = "Pricing 1"; Value = "1=1.95000 (USD)"; VariantName = "[No Variations]"
Add component (AddParameter): Name = "RoHS"; Value = "No"; VariantName = "[No Variations]"
Add component (AddParameter): Name = "Stock 1"; Value = "201"; VariantName = "[No Variations]"
Add component (AddParameter): Name = "Supplier 1"; Value = "Digi-Key"; VariantName = "[No Variations]"
Added Component: Designator=L8(L_0201)
Add component (AddParameter): Name = "Case Code"; Value = "0201"; VariantName = "[No Variations]"
Add component (AddParameter): Name = "Category"; Value = "Ferrite Beads and Chips"; VariantName = "[No Variations]"
Add component (AddParameter): Name = "Channels"; Value = "1"; VariantName = "[No Variations]"
Add component (AddParameter): Name = "Clock Frequency"; Value = "100MHz"; VariantName = "[No Variations]"
Add component (AddParameter): Name = "ComponentLink1Description"; Value = "https://datasheet.ciiva.com:443/pdfs/VipMasterIC/IC/MURE/MURE-S-A0010009808/MURE-S-A0010009808-1.pdf?src-supplier=IHS+Markit"; VariantName = "[No Variations]"
Add component (AddParameter): Name = "ComponentLink1URL"; Value = "https://datasheet.ciiva.com:443/pdfs/VipMasterIC/IC/MURE/MURE-S-A0010009808/MURE-S-A0010009808-1.pdf?src-supplier=IHS+Markit"; VariantName = "[No Variations]"
Add component (AddParameter): Name = "ComponentLink2Description"; Value = "https://datasheet.ciiva.com/41449/001172125-da-01-en-drossel-0201-70r-0-6x0-3mm-15000st-41449417.pdf?src-supplier=Conrad"; VariantName = "[No Variations]"
Add component (AddParameter): Name = "ComponentLink2URL"; Value = "https://datasheet.ciiva.com/41449/001172125-da-01-en-drossel-0201-70r-0-6x0-3mm-15000st-41449417.pdf?src-supplier=Conrad"; VariantName = "[No Variations]"
Add component (AddParameter): Name = "ComponentLink3Description"; Value = "https://datasheet.ciiva.com/1014/l0110s0100blm03ag-1014002.pdf?src-supplier=Digikey"; VariantName = "[No Variations]"
Add component (AddParameter): Name = "ComponentLink3URL"; Value = "https://datasheet.ciiva.com/1014/l0110s0100blm03ag-1014002.pdf?src-supplier=Digikey"; VariantName = "[No Variations]"
Add component (AddParameter): Name = "ComponentLink4Description"; Value = "https://datasheet.ciiva.com/1014/l0110s0100blm03ag-1014001.pdf?src-supplier=Digikey"; VariantName = "[No Variations]"
Add component (AddParameter): Name = "ComponentLink4URL"; Value = "https://datasheet.ciiva.com/1014/l0110s0100blm03ag-1014001.pdf?src-supplier=Digikey"; VariantName = "[No Variations]"
Add component (AddParameter): Name = "ComponentLink5Description"; Value = "https://datasheet.ciiva.com/1014/l0110s0100blm03ag-1014003.pdf?src-supplier=Digikey"; VariantName = "[No Variations]"
Add component (AddParameter): Name = "ComponentLink5URL"; Value = "https://datasheet.ciiva.com/1014/l0110s0100blm03ag-1014003.pdf?src-supplier=Digikey"; VariantName = "[No Variations]"
Add component (AddParameter): Name = "ComponentLink6Description"; Value = "https://datasheet.ciiva.com/3082/l0110s0100blm03ag-3082665.pdf?src-supplier=Avnet"; VariantName = "[No Variations]"
Add component (AddParameter): Name = "ComponentLink6URL"; Value = "https://datasheet.ciiva.com/3082/l0110s0100blm03ag-3082665.pdf?src-supplier=Avnet"; VariantName = "[No Variations]"
Add component (AddParameter): Name = "Construction"; Value = "Chip Bead"; VariantName = "[No Variations]"
Add component (AddParameter): Name = "Current Rating"; Value = "200mA"; VariantName = "[No Variations]"
Add component (AddParameter): Name = "DC Resistance-Max"; Value = "400mR"; VariantName = "[No Variations]"
Add component (AddParameter): Name = "Filter Type"; Value = "FERRITE CHIP"; VariantName = "[No Variations]"
Add component (AddParameter): Name = "Height"; Value = "0.3mm"; VariantName = "[No Variations]"
Add component (AddParameter): Name = "JESD-609 Code"; Value = "e3"; VariantName = "[No Variations]"
Add component (AddParameter): Name = "Length"; Value = "0.6mm"; VariantName = "[No Variations]"
Add component (AddParameter): Name = "Manufacturer"; Value = "Murata"; VariantName = "[No Variations]"
Add component (AddParameter): Name = "Manufacturer Part Number"; Value = "BLM03AG700SN1D"; VariantName = "[No Variations]"
Add component (AddParameter): Name = "Material"; Value = "Ferrite"; VariantName = "[No Variations]"
Add component (AddParameter): Name = "Max Operating Temperature"; Value = "125°C"; VariantName = "[No Variations]"
Add component (AddParameter): Name = "Min Frequency"; Value = "100MHz"; VariantName = "[No Variations]"
Add component (AddParameter): Name = "Min Operating Temperature"; Value = "-55°C"; VariantName = "[No Variations]"
Add component (AddParameter): Name = "Mounting Technology"; Value = "Surface Mount"; VariantName = "[No Variations]"
Add component (AddParameter): Name = "Output Impedance"; Value = "70R"; VariantName = "[No Variations]"
Add component (AddParameter): Name = "Packaging"; Value = "Tape and Reel"; VariantName = "[No Variations]"
Add component (AddParameter): Name = "Pricing"; Value = "1=0.1, 10=0.032, 25=0.0284, 50=0.0258, 100=0.0232, 250=0.017, 500=0.01236, 1000=0.0121, 5000=0.00824 (USD)"; VariantName = "[No Variations]"
Add component (AddParameter): Name = "Reach SVHC Compliant"; Value = "Yes"; VariantName = "[No Variations]"
Add component (AddParameter): Name = "RoHS"; Value = "Yes"; VariantName = "[No Variations]"
Add component (AddParameter): Name = "RoHS Compliant"; Value = "Yes"; VariantName = "[No Variations]"
Add component (AddParameter): Name = "Stock"; Value = "26254"; VariantName = "[No Variations]"
Add component (AddParameter): Name = "Supplier"; Value = "Digikey"; VariantName = "[No Variations]"
Add component (AddParameter): Name = "Supplier Part Number"; Value = "490-2556-1-ND"; VariantName = "[No Variations]"
Add component (AddParameter): Name = "Terminal Finish"; Value = "Tin"; VariantName = "[No Variations]"
Add component (AddParameter): Name = "Width"; Value = "0.3mm"; VariantName = "[No Variations]"
Added Component: Designator=TP2(Test Point)
Added Component: Designator=TP3(Test Point)
Added Component: Designator=TP4(Test Point)
Added Component: Designator=TP5(Test Point)
Added Component: Designator=TP6(Test Point)
Added Component: Designator=TP7(Test Point)
Added Component: Designator=TP8(Test Point)
Added Component: Designator=TP9(Test Point)
Added Component: Designator=TP10(Test Point)
Added Component: Designator=TP11(Test Point)
Added Component: Designator=TP12(Test Point)
Added Pin To Net: NetName=+3V3 Pin=C4-2
Added Pin To Net: NetName=+3V3 Pin=H1-1
Added Pin To Net: NetName=GND Pin=H1-2
Added Pin To Net: NetName=NetH1_3 Pin=H1-3
Added Pin To Net: NetName=NetH1_4 Pin=H1-4
Added Pin To Net: NetName=NetH1_5 Pin=H1-5
Added Pin To Net: NetName=NetH1_6 Pin=H1-6
Added Pin To Net: NetName=NetH1_7 Pin=H1-7
Added Pin To Net: NetName=NetH1_8 Pin=H1-8
Added Pin To Net: NetName=NetH1_9 Pin=H1-9
Added Pin To Net: NetName=NetH1_10 Pin=H1-10
Added Pin To Net: NetName=+3V3 Pin=L8-1
Added Pin To Net: NetName=NetH1_5 Pin=TP2-1
Added Pin To Net: NetName=NetH1_4 Pin=TP3-1
Added Pin To Net: NetName=NetH1_7 Pin=TP4-1
Added Pin To Net: NetName=NetH1_8 Pin=TP5-1
Added Pin To Net: NetName=NetH1_9 Pin=TP6-1
Added Pin To Net: NetName=NetLED2_A Pin=TP7-1
Added Pin To Net: NetName=NetH1_10 Pin=TP8-1
Added Pin To Net: NetName=INT1_MPL3115A2 Pin=TP9-1
Added Pin To Net: NetName=INT2_MPL3115A2 Pin=TP10-1
Added Pin To Net: NetName=I2C_SCL Pin=TP11-1
Added Pin To Net: NetName=I2C_SDA Pin=TP12-1
Added Pin To Net: NetName=+3V3 Pin=U2-10
Change Net Name : Old Net Name=NetH2_2 New Net Name=NetLOAD_CURR_SENSE_1
Change Net Name : Old Net Name=NetR26_2 New Net Name=NetLOAD_CURR_SENSE_2
Added Pin To Net: NetName=NetC5_1 Pin=C5-1
Added Pin To Net: NetName=NetC5_1 Pin=L8-2
Added Pin To Net: NetName=NetC5_1 Pin=U2-3
Added Net: Name=NetC5_1
Added Member To Class: ClassName=EFR32BG24_PartC Member=Component H1 Mini SWD
Added Member To Class: ClassName=AS7331 Member=Component L8 BLM03AG700SN1D
Added Member To Class: ClassName=EFR32BG24_PartC Member=Component TP2 TP_1PIN_Hole
Added Member To Class: ClassName=EFR32BG24_PartC Member=Component TP3 TP_1PIN_Hole
Added Member To Class: ClassName=EFR32BG24_PartC Member=Component TP4 TP_1PIN_Hole
Added Member To Class: ClassName=EFR32BG24_PartC Member=Component TP5 TP_1PIN_Hole
Added Member To Class: ClassName=EFR32BG24_PartC Member=Component TP6 TP_1PIN_Hole
Added Member To Class: ClassName=EFR32BG24_PartC Member=Component TP7 TP_1PIN_Hole
Added Member To Class: ClassName=EFR32BG24_PartC Member=Component TP8 TP_1PIN_Hole
Added Member To Class: ClassName=EFR32BG24_PartC Member=Component TP9 TP_1PIN_Hole
Added Member To Class: ClassName=EFR32BG24_PartC Member=Component TP10 TP_1PIN_Hole
Added Member To Class: ClassName=EFR32BG24_PartC Member=Component TP11 TP_1PIN_Hole
Added Member To Class: ClassName=EFR32BG24_PartC Member=Component TP12 TP_1PIN_Hole
